C51 COMPILER V9.60.0.0   UART                                                              09/08/2020 05:05:33 PAGE 1   


C51 COMPILER V9.60.0.0, COMPILATION OF MODULE UART
OBJECT MODULE PLACED IN .\Objects\UART.obj
COMPILER INVOKED BY: C:\Keil_v5\C51\BIN\C51.EXE UART.c OPTIMIZE(8,SPEED) BROWSE DEBUG OBJECTEXTEND PRINT(.\Listings\UART
                    -.lst) TABS(2) OBJECT(.\Objects\UART.obj)

line level    source

   1          #include "UART.h"
   2          
   3          void UART_Init(){
   4   1              SCON=0x50;              // Configure serial control register
   5   1              PCON=0x80;              // SMOD bit set
   6   1              TMOD=0x20;              // Using timer1,8-bit reload mode for baudrate generation
   7   1              TH1=0xFD;               // 9600 baudrate(16 mhz clock)
   8   1              TR1=1;                  // Start timer
   9   1              IE  =0x90;                                      //Enabling Serial Interrupt
  10   1      }
  11          
  12          unsigned char read_char(){
  13   1        
  14   1              unsigned char character;
  15   1              while(!RI);                           // Wait until character received completely
  16   1              character=SBUF;                       // Read the character from buffer reg
  17   1              RI=0;                                 // Clear the flag
  18   1              return character;                     // Return the received character
  19   1        
  20   1      }
  21          void Write_char(unsigned char character){
  22   1        
  23   1              SBUF=character;      // Load the character to be transmitted in to the buffer reg
  24   1              while(!TI);          // Wait until transmission complete
  25   1              TI=0;                // Clear flag
  26   1      }
  27          
  28          void Write_String(char *str)
  29          {
  30   1        
  31   1              int i;
  32   1              for(i=0;str[i]!= '\0';i++)  /* Send each char of string till the NULL */
  33   1              {
  34   2                Write_char(str[i]); /* Call transmit data function */
  35   2              }
  36   1      } 
  37          
  38          void Read_String(char * rxBuffer){
  39   1        int index = 0 ; 
  40   1        unsigned char ch ; 
  41   1        
  42   1        ch = read_char(); 
  43   1        if(ch != 0x0d){
  44   2          
  45   2        rxBuffer[index] = ch ; 
  46   2          
  47   2        }
  48   1        else{
  49   2        rxBuffer[index] = '\0' ; 
  50   2        }
  51   1        
  52   1            
  53   1      
  54   1      }
C51 COMPILER V9.60.0.0   UART                                                              09/08/2020 05:05:33 PAGE 2   

  55          
  56          void gets_UART(unsigned char * string){
  57   1        
  58   1        unsigned char i = 0 ; 
  59   1        unsigned char j = 0 ; 
  60   1        
  61   1        do{
  62   2          *(string+i) = read_char();
  63   2          j = *(string+i) ; 
  64   2          i++; 
  65   2        }
  66   1          while((j != '\n')&&(j != '\r'));
  67   1        
  68   1        i++ ; 
  69   1        *(string+i) = '\0' ; 
  70   1        
  71   1        
  72   1      }


MODULE INFORMATION:   STATIC OVERLAYABLE
   CODE SIZE        =    175    ----
   CONSTANT SIZE    =   ----    ----
   XDATA SIZE       =   ----    ----
   PDATA SIZE       =   ----    ----
   DATA SIZE        =   ----      11
   IDATA SIZE       =   ----    ----
   BIT SIZE         =   ----    ----
END OF MODULE INFORMATION.


C51 COMPILATION COMPLETE.  0 WARNING(S),  0 ERROR(S)
