C51 COMPILER V9.60.0.0   MAIN                                                              09/08/2020 03:53:53 PAGE 1   


C51 COMPILER V9.60.0.0, COMPILATION OF MODULE MAIN
OBJECT MODULE PLACED IN .\Objects\main.obj
COMPILER INVOKED BY: C:\Keil_v5\C51\BIN\C51.EXE main.c OPTIMIZE(8,SPEED) BROWSE DEBUG OBJECTEXTEND PRINT(.\Listings\main
                    -.lst) TABS(2) OBJECT(.\Objects\main.obj)

line level    source

   1          #include "UART.h"
   2          #include "Timer.h"
   3          #include "Morse.h"
   4          
   5            
   6          
   7          int main(void){
   8   1        unsigned char buffer[BUFFER_SIZE] ; 
   9   1        unsigned char number , index = 0  ; 
  10   1        MORSE_LED = LED_OFF ; 
  11   1          
  12   1        UART_init(); 
*** WARNING C206 IN LINE 12 OF main.c: 'UART_init': missing function-prototype
  13   1        
  14   1        
  15   1        while(1){
  16   2          
  17   2          Write_String("please enter a string \n");     // tell the user to enter a number 
  18   2          gets_UART(buffer);      // read the string  
  19   2            
  20   2          
  21   2          
  22   2          
  23   2          while(buffer[index] != '\0'){     // loop on the read string elemnt by element 
  24   3              
  25   3              number = buffer[index]; 
  26   3            
  27   3            if( (number < 48) || (number > 57)  ){
  28   4        
  29   4              Write_String("next char is  ");
  30   4              Write_char(number); 
  31   4              Write_String(" \nthis char is not numerical so ignored\n");
  32   4              index ++ ; 
  33   4            }
  34   3            else{
  35   4                  Write_String("next char is  ");
  36   4                  Write_char(number);   
  37   4                  Write_String(" and will be sent now \n");       // start of sending a number    
  38   4                
  39   4                  Morse_Code(number - 48);                  // convert from ascii to decimal and initiate the sequence 
  40   4                  Timer0_Delay_ms(MORSE_BETWEEN_TWO_LETTER_TIME); // wait for time between letters 
  41   4                
  42   4                  Write_String("done sending Number \t");       // verify that  the number is sent    
  43   4                  Write_char(number);                                         // tell which number is sent 
  44   4                  Write_char('\n');         // print new line  
  45   4              
  46   4              index ++ ;  // increamnet index to go to next number 
  47   4            
  48   4            }
  49   3            
  50   3              
  51   3          }
  52   2        
  53   2              
C51 COMPILER V9.60.0.0   MAIN                                                              09/08/2020 03:53:53 PAGE 2   

  54   2                    Write_String("done sending numbers in the string \n");        // verify that  the number is sent    
  55   2                    Timer0_Delay_ms(100);
  56   2                    index = 0 ;   // reset index to 0 for a new string        
  57   2                                                
  58   2          
  59   2          
  60   2          
  61   2        }
  62   1      
  63   1      }
  64          
  65          


MODULE INFORMATION:   STATIC OVERLAYABLE
   CODE SIZE        =    172    ----
   CONSTANT SIZE    =    163    ----
   XDATA SIZE       =   ----    ----
   PDATA SIZE       =   ----    ----
   DATA SIZE        =   ----      12
   IDATA SIZE       =   ----    ----
   BIT SIZE         =   ----    ----
END OF MODULE INFORMATION.


C51 COMPILATION COMPLETE.  1 WARNING(S),  0 ERROR(S)
