C51 COMPILER V9.60.0.0   UART                                                              09/08/2020 03:25:50 PAGE 1   


C51 COMPILER V9.60.0.0, COMPILATION OF MODULE UART
OBJECT MODULE PLACED IN .\Objects\UART.obj
COMPILER INVOKED BY: C:\Keil_v5\C51\BIN\C51.EXE UART.c OPTIMIZE(8,SPEED) BROWSE DEBUG OBJECTEXTEND PRINT(.\Listings\UART
                    -.lst) TABS(2) OBJECT(.\Objects\UART.obj)

line level    source

   1          #include "UART.h"
   2          
   3          void UART_Init(){
   4   1              SCON=0x50;              // Configure serial control register
   5   1              PCON=0x80;              // SMOD bit set
   6   1              TMOD=0x20;              // Using timer1,8-bit reload mode for baudrate generation
   7   1              TH1=0xFD;               // 9600 baudrate(16 mhz clock)
   8   1              TR1=1;                  // Start timer
   9   1      }
  10          
  11          unsigned char read_char(){
  12   1        
  13   1              unsigned char character;
  14   1              while(!RI);                           // Wait until character received completely
  15   1              character=SBUF;                       // Read the character from buffer reg
  16   1              RI=0;                                 // Clear the flag
  17   1              return character;                     // Return the received character
  18   1        
  19   1      }
  20          void Write_char(unsigned char character){
  21   1        
  22   1              SBUF=character;      // Load the character to be transmitted in to the buffer reg
  23   1              while(!TI);          // Wait until transmission complete
  24   1              TI=0;                // Clear flag
  25   1      }
  26          
  27          void Write_String(char *str)
  28          {
  29   1        
  30   1              int i;
  31   1              for(i=0;str[i]!= '\0';i++)  /* Send each char of string till the NULL */
  32   1              {
  33   2                Write_char(str[i]); /* Call transmit data function */
  34   2              }
  35   1      } 
  36          
  37          void Read_String(char * rxBuffer){
  38   1        int index = 0 ; 
  39   1        unsigned char ch ; 
  40   1        
  41   1        ch = read_char(); 
  42   1        if(ch != 0x0d){
  43   2          
  44   2        rxBuffer[index] = ch ; 
  45   2          
  46   2        }
  47   1        else{
  48   2        rxBuffer[index] = '\0' ; 
  49   2        }
  50   1        
  51   1            
  52   1      
  53   1      }
  54          
C51 COMPILER V9.60.0.0   UART                                                              09/08/2020 03:25:50 PAGE 2   

  55          void gets_UART(unsigned char * string){
  56   1        
  57   1        unsigned char i = 0 ; 
  58   1        unsigned char j = 0 ; 
  59   1        
  60   1        do{
  61   2          *(string+i) = read_char();
  62   2          j = *(string+i) ; 
  63   2          i++; 
  64   2        }
  65   1          while((j != '\n')&&(j != '\r'));
  66   1        
  67   1        i++ ; 
  68   1        *(string+i) = '\0' ; 
  69   1        
  70   1        
  71   1      }


MODULE INFORMATION:   STATIC OVERLAYABLE
   CODE SIZE        =    172    ----
   CONSTANT SIZE    =   ----    ----
   XDATA SIZE       =   ----    ----
   PDATA SIZE       =   ----    ----
   DATA SIZE        =   ----      11
   IDATA SIZE       =   ----    ----
   BIT SIZE         =   ----    ----
END OF MODULE INFORMATION.


C51 COMPILATION COMPLETE.  0 WARNING(S),  0 ERROR(S)
