C51 COMPILER V9.60.0.0   MAIN                                                              09/08/2020 02:35:15 PAGE 1   


C51 COMPILER V9.60.0.0, COMPILATION OF MODULE MAIN
OBJECT MODULE PLACED IN .\Objects\main.obj
COMPILER INVOKED BY: C:\Keil_v5\C51\BIN\C51.EXE main.c OPTIMIZE(8,SPEED) BROWSE DEBUG OBJECTEXTEND PRINT(.\Listings\main
                    -.lst) TABS(2) OBJECT(.\Objects\main.obj)

line level    source

   1          #include "UART.h"
   2          #include "Timer.h"
   3          #include "Morse.h"
   4          
   5            
   6          
   7          int main(void){
   8   1        unsigned char tx[BUFFER_SIZE] ; 
   9   1        unsigned char number ; 
  10   1        MORSE_LED = LED_OFF ; 
  11   1          
  12   1        UART_init(); 
*** WARNING C206 IN LINE 12 OF main.c: 'UART_init': missing function-prototype
  13   1        
  14   1        
  15   1        while(1){
  16   2          
  17   2          Write_String("please enter a number \n");
  18   2          number = read_char();
  19   2          Morse_Code(number - 48);
  20   2          Timer0_Delay_ms(MORSE_BETWEEN_TWO_LETTER_TIME);
  21   2          Write_String("done printing Number \t");
  22   2          Write_char(number); 
  23   2          Write_char('\n'); 
  24   2          
  25   2          
  26   2        }
  27   1      
  28   1      }
*** WARNING C280 IN LINE 8 OF main.c: 'tx': unreferenced local variable


MODULE INFORMATION:   STATIC OVERLAYABLE
   CODE SIZE        =     58    ----
   CONSTANT SIZE    =     47    ----
   XDATA SIZE       =   ----    ----
   PDATA SIZE       =   ----    ----
   DATA SIZE        =   ----     101
   IDATA SIZE       =   ----    ----
   BIT SIZE         =   ----    ----
END OF MODULE INFORMATION.


C51 COMPILATION COMPLETE.  2 WARNING(S),  0 ERROR(S)
