C51 COMPILER V9.60.0.0   ADC                                                               09/08/2020 01:27:09 PAGE 1   


C51 COMPILER V9.60.0.0, COMPILATION OF MODULE ADC
OBJECT MODULE PLACED IN .\Objects\ADC.obj
COMPILER INVOKED BY: C:\Keil_v5\C51\BIN\C51.EXE ADC.c OPTIMIZE(8,SPEED) BROWSE DEBUG OBJECTEXTEND PRINT(.\Listings\ADC.l
                    -st) TABS(2) OBJECT(.\Objects\ADC.obj)

line level    source

   1          
   2          #include "ADC.h"
   3          
   4          
   5          unsigned char adcConvert(){
   6   1        
   7   1       unsigned char adcData = 0x00;
   8   1          ADC_INTR = HIGH;
   9   1          ADC_READ  = HIGH;
  10   1          ADC_WRITE = HIGH;
  11   1      
  12   1         //Conversion Start
  13   1          ADC_WRITE = LOW;
  14   1         Timer0_Delay_ms(50);
  15   1          ADC_WRITE = HIGH;
  16   1         while(ADC_INTR==HIGH)
  17   1          {
  18   2              //empty
  19   2          }
  20   1           Timer0_Delay_ms(50);
  21   1          
  22   1           //Read Adc data
  23   1          ADC_READ = LOW;
  24   1          adcData = ADC_DATA; 
  25   1          
  26   1           return(adcData);
  27   1          
  28   1          
  29   1      }
  30          
  31          void adcPrintValue(unsigned char adcData){
  32   1        
  33   1          int i = 0 ; 
  34   1          int j = 0 ; 
  35   1          unsigned char adcValueByte[10] = {0};
  36   1          unsigned char tmpAdcData = adcData;
  37   1          
  38   1           while(tmpAdcData > 0)
  39   1          {
  40   2              adcValueByte[i++]=tmpAdcData%10;
  41   2              tmpAdcData =tmpAdcData/10;
  42   2          }
  43   1          for(j= (i-1); j>=0; --j)
  44   1          {
  45   2           Write_char( adcValueByte[j] + 48 );
  46   2          }
  47   1      
  48   1      }


MODULE INFORMATION:   STATIC OVERLAYABLE
   CODE SIZE        =    150    ----
   CONSTANT SIZE    =     10    ----
   XDATA SIZE       =   ----    ----
C51 COMPILER V9.60.0.0   ADC                                                               09/08/2020 01:27:09 PAGE 2   

   PDATA SIZE       =   ----    ----
   DATA SIZE        =   ----      16
   IDATA SIZE       =   ----    ----
   BIT SIZE         =   ----    ----
END OF MODULE INFORMATION.


C51 COMPILATION COMPLETE.  0 WARNING(S),  0 ERROR(S)
