C51 COMPILER V9.60.0.0   MAIN                                                              09/08/2020 01:27:09 PAGE 1   


C51 COMPILER V9.60.0.0, COMPILATION OF MODULE MAIN
OBJECT MODULE PLACED IN .\Objects\main.obj
COMPILER INVOKED BY: C:\Keil_v5\C51\BIN\C51.EXE main.c OPTIMIZE(8,SPEED) BROWSE DEBUG OBJECTEXTEND PRINT(.\Listings\main
                    -.lst) TABS(2) OBJECT(.\Objects\main.obj)

line level    source

   1          
   2          
   3          #include "Timer.h"
   4          #include "ADC.h"
   5          #include "UART.h" 
   6          
   7          
   8          ///  crystal of 11.0592 MHz and 19200 baudrate 
   9          
  10          int main(void){
  11   1        
  12   1        unsigned char adcData  = 0x00; 
  13   1        UART_init();
*** WARNING C206 IN LINE 13 OF main.c: 'UART_init': missing function-prototype
  14   1        Write_String("everything is working fine \n");
  15   1      
  16   1        
  17   1        while (1) { 
  18   2          
  19   2            Timer0_Delay_ms(100);  // wait for 100 ms period 
  20   2             adcData = adcConvert();  // make a conversion 
  21   2             adcPrintValue(adcData); // print the converted value 
  22   2             Write_char('\n');      // new line 
  23   2            
  24   2          
  25   2        
  26   2        }
  27   1        
  28   1        
  29   1      return 1 ; 
  30   1      }
  31          
  32          
  33          
  34          
*** WARNING C294 IN LINE 29 OF main.c: unreachable code


MODULE INFORMATION:   STATIC OVERLAYABLE
   CODE SIZE        =     37    ----
   CONSTANT SIZE    =     29    ----
   XDATA SIZE       =   ----    ----
   PDATA SIZE       =   ----    ----
   DATA SIZE        =   ----       1
   IDATA SIZE       =   ----    ----
   BIT SIZE         =   ----    ----
END OF MODULE INFORMATION.


C51 COMPILATION COMPLETE.  2 WARNING(S),  0 ERROR(S)
