C51 COMPILER V9.60.0.0   TIMER                                                             09/08/2020 01:23:32 PAGE 1   


C51 COMPILER V9.60.0.0, COMPILATION OF MODULE TIMER
OBJECT MODULE PLACED IN .\Objects\Timer.obj
COMPILER INVOKED BY: C:\Keil_v5\C51\BIN\C51.EXE Timer.c OPTIMIZE(8,SPEED) BROWSE DEBUG OBJECTEXTEND PRINT(.\Listings\Tim
                    -er.lst) TABS(2) OBJECT(.\Objects\Timer.obj)

line level    source

   1          
   2          #include "Timer.h"
   3          
   4          void Timer0_Delay_1ms(void){
   5   1      
   6   1        TMOD |= 0x01 ; 
   7   1        TL0 = 0x65 ;
   8   1        TH0 = 0xFC ; 
   9   1        TR0=1;                  // Start timer
  10   1        while (TF0 != 1 ){}
  11   1      
  12   1      }
  13          void Timer0_Delay_ms(int time){
  14   1      
  15   1        int i = 0 ; 
  16   1         for( i = 0 ; i <  time ; i++){
  17   2           
  18   2          Timer0_Delay_1ms(); 
  19   2           
  20   2         }
  21   1      
  22   1      }


MODULE INFORMATION:   STATIC OVERLAYABLE
   CODE SIZE        =     42    ----
   CONSTANT SIZE    =   ----    ----
   XDATA SIZE       =   ----    ----
   PDATA SIZE       =   ----    ----
   DATA SIZE        =   ----    ----
   IDATA SIZE       =   ----    ----
   BIT SIZE         =   ----    ----
END OF MODULE INFORMATION.


C51 COMPILATION COMPLETE.  0 WARNING(S),  0 ERROR(S)
